2021-12-10 23:58:21.666  INFO 21588 --- [restartedMain] com.ashokit.Application                  : Starting Application using Java 16.0.1 on LAPTOP-K7USDGO6 with PID 21588 (C:\Users\MaliniS\Downloads\JRTP-MiniProjects\07-PhoneBook-App\target\classes started by 000ULY744 in C:\Users\MaliniS\Downloads\JRTP-MiniProjects\07-PhoneBook-App)
2021-12-10 23:58:21.667  INFO 21588 --- [restartedMain] com.ashokit.Application                  : No active profile set, falling back to default profiles: default
2021-12-10 23:58:22.063  INFO 21588 --- [restartedMain] .s.d.r.c.RepositoryConfigurationDelegate : Bootstrapping Spring Data JPA repositories in DEFERRED mode.
2021-12-10 23:58:22.085  INFO 21588 --- [restartedMain] .s.d.r.c.RepositoryConfigurationDelegate : Finished Spring Data repository scanning in 21 ms. Found 1 JPA repository interfaces.
2021-12-10 23:58:22.241  INFO 21588 --- [restartedMain] o.s.b.w.embedded.tomcat.TomcatWebServer  : Tomcat initialized with port(s): 9090 (http)
2021-12-10 23:58:22.243  INFO 21588 --- [restartedMain] o.apache.catalina.core.StandardService   : Starting service [Tomcat]
2021-12-10 23:58:22.243  INFO 21588 --- [restartedMain] org.apache.catalina.core.StandardEngine  : Starting Servlet engine: [Apache Tomcat/9.0.39]
2021-12-10 23:58:22.428  INFO 21588 --- [restartedMain] org.apache.jasper.servlet.TldScanner     : At least one JAR was scanned for TLDs yet contained no TLDs. Enable debug logging for this logger for a complete list of JARs that were scanned but no TLDs were found in them. Skipping unneeded JARs during scanning can improve startup time and JSP compilation time.
2021-12-10 23:58:22.437  INFO 21588 --- [restartedMain] o.a.c.c.C.[Tomcat].[localhost].[/]       : Initializing Spring embedded WebApplicationContext
2021-12-10 23:58:22.437  INFO 21588 --- [restartedMain] w.s.c.ServletWebServerApplicationContext : Root WebApplicationContext: initialization completed in 765 ms
2021-12-10 23:58:22.481  INFO 21588 --- [restartedMain] com.zaxxer.hikari.HikariDataSource       : HikariPool-3 - Starting...
2021-12-10 23:58:22.486  INFO 21588 --- [restartedMain] com.zaxxer.hikari.HikariDataSource       : HikariPool-3 - Start completed.
2021-12-10 23:58:22.486  INFO 21588 --- [restartedMain] o.s.b.a.h2.H2ConsoleAutoConfiguration    : H2 console available at '/h2-console'. Database available at 'jdbc:h2:mem:testdb'
2021-12-10 23:58:22.526  INFO 21588 --- [restartedMain] o.s.s.concurrent.ThreadPoolTaskExecutor  : Initializing ExecutorService 'applicationTaskExecutor'
2021-12-10 23:58:22.539  INFO 21588 --- [task-1] o.hibernate.jpa.internal.util.LogHelper  : HHH000204: Processing PersistenceUnitInfo [name: default]
2021-12-10 23:58:22.558  INFO 21588 --- [task-1] org.hibernate.dialect.Dialect            : HHH000400: Using dialect: org.hibernate.dialect.H2Dialect
2021-12-10 23:58:22.635  WARN 21588 --- [restartedMain] JpaBaseConfiguration$JpaWebConfiguration : spring.jpa.open-in-view is enabled by default. Therefore, database queries may be performed during view rendering. Explicitly configure spring.jpa.open-in-view to disable this warning
2021-12-10 23:58:22.646  INFO 21588 --- [task-1] o.h.e.t.j.p.i.JtaPlatformInitiator       : HHH000490: Using JtaPlatform implementation: [org.hibernate.engine.transaction.jta.platform.internal.NoJtaPlatform]
2021-12-10 23:58:22.650  INFO 21588 --- [task-1] j.LocalContainerEntityManagerFactoryBean : Initialized JPA EntityManagerFactory for persistence unit 'default'
2021-12-10 23:58:22.731  INFO 21588 --- [task-2] o.s.b.d.a.OptionalLiveReloadServer       : LiveReload server is running on port 35729
2021-12-10 23:58:22.762  INFO 21588 --- [restartedMain] o.s.b.a.w.s.WelcomePageHandlerMapping    : Adding welcome page template: index
2021-12-10 23:58:22.872  INFO 21588 --- [restartedMain] o.s.b.w.embedded.tomcat.TomcatWebServer  : Tomcat started on port(s): 9090 (http) with context path ''
2021-12-10 23:58:22.873  INFO 21588 --- [restartedMain] DeferredRepositoryInitializationListener : Triggering deferred initialization of Spring Data repositories…
2021-12-10 23:58:22.958  INFO 21588 --- [restartedMain] DeferredRepositoryInitializationListener : Spring Data repositories initialized!
2021-12-10 23:58:22.965  INFO 21588 --- [restartedMain] com.ashokit.Application                  : Started Application in 1.377 seconds (JVM running for 5606.463)
2021-12-10 23:58:22.968  INFO 21588 --- [restartedMain] .ConditionEvaluationDeltaLoggingListener : Condition evaluation unchanged
